2023-10-08 16:30:12.2243||INFO|Microsoft.AspNetCore.DataProtection.KeyManagement.XmlKeyManager|User profile is available. Using 'C:\Users\tugcedokgoz\AppData\Local\ASP.NET\DataProtection-Keys' as key repository and Windows DPAPI to encrypt keys at rest. 
2023-10-08 16:30:12.9163||INFO|Microsoft.Hosting.Lifetime|Now listening on: https://localhost:7177 
2023-10-08 16:30:12.9348||INFO|Microsoft.Hosting.Lifetime|Now listening on: http://localhost:5255 
2023-10-08 16:30:12.9348||INFO|Microsoft.Hosting.Lifetime|Application started. Press Ctrl+C to shut down. 
2023-10-08 16:30:12.9348||INFO|Microsoft.Hosting.Lifetime|Hosting environment: Development 
2023-10-08 16:30:12.9348||INFO|Microsoft.Hosting.Lifetime|Content root path: C:\Users\tugcedokgoz\OneDrive\Masaüstü\ahl\StockProject\StockProject\Stock\Stock.Api 
2023-10-08 16:30:19.7092||INFO|Microsoft.AspNetCore.Hosting.Diagnostics|Request starting HTTP/2 GET https://localhost:7177/swagger - - 
2023-10-08 16:30:20.3053||INFO|Microsoft.AspNetCore.Hosting.Diagnostics|Request finished HTTP/2 GET https://localhost:7177/swagger - - - 301 0 - 598.8196ms 
2023-10-08 16:30:20.3335||INFO|Microsoft.AspNetCore.Hosting.Diagnostics|Request starting HTTP/2 GET https://localhost:7177/swagger/index.html - - 
2023-10-08 16:30:21.7995||INFO|Microsoft.AspNetCore.Hosting.Diagnostics|Request starting HTTP/2 GET https://localhost:7177/swagger/swagger-ui.css - - 
2023-10-08 16:30:21.8143||INFO|Microsoft.AspNetCore.Hosting.Diagnostics|Request finished HTTP/2 GET https://localhost:7177/swagger/index.html - - - 200 - text/html;charset=utf-8 1480.6481ms 
2023-10-08 16:30:21.8554||INFO|Microsoft.AspNetCore.StaticFiles.StaticFileMiddleware|Sending file. Request path: '/swagger-ui.css'. Physical path: 'N/A' 
2023-10-08 16:30:21.8554||INFO|Microsoft.AspNetCore.Hosting.Diagnostics|Request finished HTTP/2 GET https://localhost:7177/swagger/swagger-ui.css - - - 200 144929 text/css 57.5070ms 
2023-10-08 16:30:22.4046||INFO|Microsoft.AspNetCore.Hosting.Diagnostics|Request starting HTTP/2 GET https://localhost:7177/swagger/swagger-ui-standalone-preset.js - - 
2023-10-08 16:30:22.4046||INFO|Microsoft.AspNetCore.Hosting.Diagnostics|Request starting HTTP/2 GET https://localhost:7177/_framework/aspnetcore-browser-refresh.js - - 
2023-10-08 16:30:22.4046||INFO|Microsoft.AspNetCore.Hosting.Diagnostics|Request starting HTTP/2 GET https://localhost:7177/swagger/swagger-ui-bundle.js - - 
2023-10-08 16:30:22.4046||INFO|Microsoft.AspNetCore.Hosting.Diagnostics|Request starting HTTP/2 GET https://localhost:7177/_vs/browserLink - - 
2023-10-08 16:30:22.4260||INFO|Microsoft.AspNetCore.Hosting.Diagnostics|Request finished HTTP/2 GET https://localhost:7177/_framework/aspnetcore-browser-refresh.js - - - 200 12350 application/javascript;+charset=utf-8 21.5044ms 
2023-10-08 16:30:22.4582||INFO|Microsoft.AspNetCore.StaticFiles.StaticFileMiddleware|Sending file. Request path: '/swagger-ui-standalone-preset.js'. Physical path: 'N/A' 
2023-10-08 16:30:22.4582||INFO|Microsoft.AspNetCore.Hosting.Diagnostics|Request finished HTTP/2 GET https://localhost:7177/swagger/swagger-ui-standalone-preset.js - - - 200 312163 text/javascript 58.3318ms 
2023-10-08 16:30:22.5378||INFO|Microsoft.AspNetCore.StaticFiles.StaticFileMiddleware|Sending file. Request path: '/swagger-ui-bundle.js'. Physical path: 'N/A' 
2023-10-08 16:30:22.5378||INFO|Microsoft.AspNetCore.Hosting.Diagnostics|Request finished HTTP/2 GET https://localhost:7177/swagger/swagger-ui-bundle.js - - - 200 1061536 text/javascript 134.3682ms 
2023-10-08 16:30:22.6557||INFO|Microsoft.AspNetCore.Hosting.Diagnostics|Request finished HTTP/2 GET https://localhost:7177/_vs/browserLink - - - 200 - text/javascript;+charset=UTF-8 250.7656ms 
2023-10-08 16:30:22.8713||INFO|Microsoft.AspNetCore.Hosting.Diagnostics|Request starting HTTP/2 GET https://localhost:7177/swagger/favicon-32x32.png - - 
2023-10-08 16:30:22.8713||INFO|Microsoft.AspNetCore.StaticFiles.StaticFileMiddleware|Sending file. Request path: '/favicon-32x32.png'. Physical path: 'N/A' 
2023-10-08 16:30:22.8898||INFO|Microsoft.AspNetCore.Hosting.Diagnostics|Request finished HTTP/2 GET https://localhost:7177/swagger/favicon-32x32.png - - - 200 628 image/png 18.3776ms 
2023-10-08 16:30:23.4700||INFO|Microsoft.AspNetCore.Hosting.Diagnostics|Request starting HTTP/2 GET https://localhost:7177/swagger/v1/swagger.json - - 
2023-10-08 16:30:24.2619||INFO|Microsoft.AspNetCore.Hosting.Diagnostics|Request finished HTTP/2 GET https://localhost:7177/swagger/v1/swagger.json - - - 200 - application/json;charset=utf-8 791.8124ms 
2023-10-08 16:30:28.7636||INFO|Microsoft.AspNetCore.Hosting.Diagnostics|Request starting HTTP/2 GET https://localhost:7177/api/Bid/GetBid - - 
2023-10-08 16:30:28.7713||INFO|Microsoft.AspNetCore.Routing.EndpointMiddleware|Executing endpoint 'Stock.Api.Controllers.BidController.GetBids (Stock.Api)' 
2023-10-08 16:30:28.8187||INFO|Microsoft.AspNetCore.Mvc.Infrastructure.ControllerActionInvoker|Route matched with {action = "GetBids", controller = "Bid"}. Executing controller action with signature System.Threading.Tasks.Task`1[Microsoft.AspNetCore.Mvc.ActionResult`1[System.Collections.Generic.IEnumerable`1[System.Object]]] GetBids() on controller Stock.Api.Controllers.BidController (Stock.Api). 
2023-10-08 16:30:30.4316||WARN|Microsoft.EntityFrameworkCore.Model.Validation|No store type was specified for the decimal property 'Price' on entity type 'Bid'. This will cause values to be silently truncated if they do not fit in the default precision and scale. Explicitly specify the SQL server column type that can accommodate all the values in 'OnModelCreating' using 'HasColumnType', specify precision and scale using 'HasPrecision', or configure a value converter using 'HasConversion'. 
2023-10-08 16:30:30.4316||WARN|Microsoft.EntityFrameworkCore.Model.Validation|No store type was specified for the decimal property 'Price' on entity type 'Bill'. This will cause values to be silently truncated if they do not fit in the default precision and scale. Explicitly specify the SQL server column type that can accommodate all the values in 'OnModelCreating' using 'HasColumnType', specify precision and scale using 'HasPrecision', or configure a value converter using 'HasConversion'. 
2023-10-08 16:30:30.4469||WARN|Microsoft.EntityFrameworkCore.Model.Validation|No store type was specified for the decimal property 'Price' on entity type 'Product'. This will cause values to be silently truncated if they do not fit in the default precision and scale. Explicitly specify the SQL server column type that can accommodate all the values in 'OnModelCreating' using 'HasColumnType', specify precision and scale using 'HasPrecision', or configure a value converter using 'HasConversion'. 
2023-10-08 16:30:32.3445||INFO|Microsoft.EntityFrameworkCore.Database.Command|Executed DbCommand (85ms) [Parameters=[], CommandType='Text', CommandTimeout='30']
SELECT [t].[Id], [t].[Price], [t].[ProductId], [t].[SupplierCompanyId], [t0].[Id], [t0].[Amount], [t0].[CategoryId], [t0].[Price], [t0].[ProductName], [t1].[Id], [t1].[SupplierCompanyName]
FROM [tblBid] AS [t]
INNER JOIN [tblProduct] AS [t0] ON [t].[ProductId] = [t0].[Id]
INNER JOIN [tblSupplierCompany] AS [t1] ON [t].[SupplierCompanyId] = [t1].[Id] 
2023-10-08 16:30:32.4372||INFO|Microsoft.AspNetCore.Mvc.Infrastructure.ObjectResultExecutor|Executing OkObjectResult, writing value of type 'System.Linq.Enumerable+SelectListIterator`2[[Stock.Model.Bid, Stock.Model, Version=1.0.0.0, Culture=neutral, PublicKeyToken=null],[<>f__AnonymousType0`4[[System.Int32, System.Private.CoreLib, Version=7.0.0.0, Culture=neutral, PublicKeyToken=7cec85d7bea7798e],[System.Decimal, System.Private.CoreLib, Version=7.0.0.0, Culture=neutral, PublicKeyToken=7cec85d7bea7798e],[System.String, System.Private.CoreLib, Version=7.0.0.0, Culture=neutral, PublicKeyToken=7cec85d7bea7798e],[System.String, System.Private.CoreLib, Version=7.0.0.0, Culture=neutral, PublicKeyToken=7cec85d7bea7798e]], Stock.Repository, Version=1.0.0.0, Culture=neutral, PublicKeyToken=null]]'. 
2023-10-08 16:30:32.4853||INFO|Microsoft.AspNetCore.Mvc.Infrastructure.ControllerActionInvoker|Executed action Stock.Api.Controllers.BidController.GetBids (Stock.Api) in 3660.6129ms 
2023-10-08 16:30:32.4853||INFO|Microsoft.AspNetCore.Routing.EndpointMiddleware|Executed endpoint 'Stock.Api.Controllers.BidController.GetBids (Stock.Api)' 
2023-10-08 16:30:32.5159||INFO|Microsoft.AspNetCore.Hosting.Diagnostics|Request finished HTTP/2 GET https://localhost:7177/api/Bid/GetBid - - - 200 - application/json;+charset=utf-8 3752.3722ms 
2023-10-08 16:35:04.3091||INFO|Microsoft.AspNetCore.DataProtection.KeyManagement.XmlKeyManager|User profile is available. Using 'C:\Users\tugcedokgoz\AppData\Local\ASP.NET\DataProtection-Keys' as key repository and Windows DPAPI to encrypt keys at rest. 
2023-10-08 16:35:04.7609||INFO|Microsoft.Hosting.Lifetime|Now listening on: https://localhost:7177 
2023-10-08 16:35:04.7609||INFO|Microsoft.Hosting.Lifetime|Now listening on: http://localhost:5255 
2023-10-08 16:35:04.7716||INFO|Microsoft.Hosting.Lifetime|Application started. Press Ctrl+C to shut down. 
2023-10-08 16:35:04.7716||INFO|Microsoft.Hosting.Lifetime|Hosting environment: Development 
2023-10-08 16:35:04.7716||INFO|Microsoft.Hosting.Lifetime|Content root path: C:\Users\tugcedokgoz\OneDrive\Masaüstü\ahl\StockProject\StockProject\Stock\Stock.Api 
2023-10-08 16:45:56.3861||INFO|Microsoft.AspNetCore.DataProtection.KeyManagement.XmlKeyManager|User profile is available. Using 'C:\Users\tugcedokgoz\AppData\Local\ASP.NET\DataProtection-Keys' as key repository and Windows DPAPI to encrypt keys at rest. 
2023-10-08 16:45:57.3289||INFO|Microsoft.Hosting.Lifetime|Now listening on: https://localhost:7177 
2023-10-08 16:45:57.4859||INFO|Microsoft.Hosting.Lifetime|Now listening on: http://localhost:5255 
2023-10-08 16:45:57.5263||INFO|Microsoft.Hosting.Lifetime|Application started. Press Ctrl+C to shut down. 
2023-10-08 16:45:57.6039||INFO|Microsoft.Hosting.Lifetime|Hosting environment: Development 
2023-10-08 16:45:57.6149||INFO|Microsoft.Hosting.Lifetime|Content root path: C:\Users\tugcedokgoz\OneDrive\Masaüstü\ahl\StockProject\StockProject\Stock\Stock.Api 
2023-10-08 16:46:05.1632||INFO|Microsoft.AspNetCore.Hosting.Diagnostics|Request starting HTTP/2 GET https://localhost:7177/swagger/index.html - - 
2023-10-08 16:46:06.4127||INFO|Microsoft.AspNetCore.Hosting.Diagnostics|Request finished HTTP/2 GET https://localhost:7177/swagger/index.html - - - 200 - text/html;charset=utf-8 1250.4685ms 
2023-10-08 16:46:07.0986||INFO|Microsoft.AspNetCore.Hosting.Diagnostics|Request starting HTTP/2 GET https://localhost:7177/_framework/aspnetcore-browser-refresh.js - - 
2023-10-08 16:46:07.0986||INFO|Microsoft.AspNetCore.Hosting.Diagnostics|Request starting HTTP/2 GET https://localhost:7177/_vs/browserLink - - 
2023-10-08 16:46:07.1355||INFO|Microsoft.AspNetCore.Hosting.Diagnostics|Request finished HTTP/2 GET https://localhost:7177/_framework/aspnetcore-browser-refresh.js - - - 200 12350 application/javascript;+charset=utf-8 28.0690ms 
2023-10-08 16:46:08.2837||INFO|Microsoft.AspNetCore.Hosting.Diagnostics|Request finished HTTP/2 GET https://localhost:7177/_vs/browserLink - - - 200 - text/javascript;+charset=UTF-8 1184.1538ms 
2023-10-08 16:46:08.4021||INFO|Microsoft.AspNetCore.Hosting.Diagnostics|Request starting HTTP/2 GET https://localhost:7177/swagger/v1/swagger.json - - 
2023-10-08 16:46:09.1132||INFO|Microsoft.AspNetCore.Hosting.Diagnostics|Request finished HTTP/2 GET https://localhost:7177/swagger/v1/swagger.json - - - 200 - application/json;charset=utf-8 711.0365ms 
2023-10-08 17:08:57.1873||INFO|Microsoft.AspNetCore.Hosting.Diagnostics|Request starting HTTP/1.1 POST https://localhost:7177/api/Auth/Login application/json;+charset=utf-8 34 
2023-10-08 17:08:57.1982||INFO|Microsoft.AspNetCore.Routing.EndpointMiddleware|Executing endpoint 'Stock.Api.Controllers.AuthController.Login (Stock.Api)' 
2023-10-08 17:08:57.2210||INFO|Microsoft.AspNetCore.Mvc.Infrastructure.ControllerActionInvoker|Route matched with {action = "Login", controller = "Auth"}. Executing controller action with signature System.Object Login(System.Object) on controller Stock.Api.Controllers.AuthController (Stock.Api). 
2023-10-08 17:08:59.1178||WARN|Microsoft.EntityFrameworkCore.Model.Validation|No store type was specified for the decimal property 'Price' on entity type 'Bid'. This will cause values to be silently truncated if they do not fit in the default precision and scale. Explicitly specify the SQL server column type that can accommodate all the values in 'OnModelCreating' using 'HasColumnType', specify precision and scale using 'HasPrecision', or configure a value converter using 'HasConversion'. 
2023-10-08 17:08:59.1178||WARN|Microsoft.EntityFrameworkCore.Model.Validation|No store type was specified for the decimal property 'Price' on entity type 'Bill'. This will cause values to be silently truncated if they do not fit in the default precision and scale. Explicitly specify the SQL server column type that can accommodate all the values in 'OnModelCreating' using 'HasColumnType', specify precision and scale using 'HasPrecision', or configure a value converter using 'HasConversion'. 
2023-10-08 17:08:59.1178||WARN|Microsoft.EntityFrameworkCore.Model.Validation|No store type was specified for the decimal property 'Price' on entity type 'Product'. This will cause values to be silently truncated if they do not fit in the default precision and scale. Explicitly specify the SQL server column type that can accommodate all the values in 'OnModelCreating' using 'HasColumnType', specify precision and scale using 'HasPrecision', or configure a value converter using 'HasConversion'. 
2023-10-08 17:09:00.6821||INFO|Microsoft.EntityFrameworkCore.Database.Command|Executed DbCommand (32ms) [Parameters=[], CommandType='Text', CommandTimeout='30']
SELECT TOP(2) [t].[Id], [t].[CompanyDepartmentId], [t].[Password], [t].[RoleId], [t].[SuperiorId], [t].[UserEmail], [t].[UserFullName]
FROM [tblUser] AS [t]
WHERE 0 = 1 
2023-10-08 17:09:00.7203||INFO|Microsoft.AspNetCore.Mvc.Infrastructure.ObjectResultExecutor|Executing ObjectResult, writing value of type '<>f__AnonymousType1`2[[System.Boolean, System.Private.CoreLib, Version=7.0.0.0, Culture=neutral, PublicKeyToken=7cec85d7bea7798e],[System.String, System.Private.CoreLib, Version=7.0.0.0, Culture=neutral, PublicKeyToken=7cec85d7bea7798e]]'. 
2023-10-08 17:09:00.7344||INFO|Microsoft.AspNetCore.Mvc.Infrastructure.ControllerActionInvoker|Executed action Stock.Api.Controllers.AuthController.Login (Stock.Api) in 3508.8353ms 
2023-10-08 17:09:00.7344||INFO|Microsoft.AspNetCore.Routing.EndpointMiddleware|Executed endpoint 'Stock.Api.Controllers.AuthController.Login (Stock.Api)' 
2023-10-08 17:09:00.7559||INFO|Microsoft.AspNetCore.Hosting.Diagnostics|Request finished HTTP/1.1 POST https://localhost:7177/api/Auth/Login application/json;+charset=utf-8 34 - 200 - application/json;+charset=utf-8 3568.5201ms 
2023-10-08 17:28:59.6169||INFO|Microsoft.AspNetCore.Hosting.Diagnostics|Request starting HTTP/1.1 POST https://localhost:7177/api/Auth/Login application/json;+charset=utf-8 34 
2023-10-08 17:28:59.6169||INFO|Microsoft.AspNetCore.Routing.EndpointMiddleware|Executing endpoint 'Stock.Api.Controllers.AuthController.Login (Stock.Api)' 
2023-10-08 17:28:59.6169||INFO|Microsoft.AspNetCore.Mvc.Infrastructure.ControllerActionInvoker|Route matched with {action = "Login", controller = "Auth"}. Executing controller action with signature System.Object Login(System.Object) on controller Stock.Api.Controllers.AuthController (Stock.Api). 
2023-10-08 17:28:59.6707||INFO|Microsoft.EntityFrameworkCore.Database.Command|Executed DbCommand (3ms) [Parameters=[], CommandType='Text', CommandTimeout='30']
SELECT TOP(2) [t].[Id], [t].[CompanyDepartmentId], [t].[Password], [t].[RoleId], [t].[SuperiorId], [t].[UserEmail], [t].[UserFullName]
FROM [tblUser] AS [t]
WHERE 0 = 1 
2023-10-08 17:28:59.6707||INFO|Microsoft.AspNetCore.Mvc.Infrastructure.ObjectResultExecutor|Executing ObjectResult, writing value of type '<>f__AnonymousType1`2[[System.Boolean, System.Private.CoreLib, Version=7.0.0.0, Culture=neutral, PublicKeyToken=7cec85d7bea7798e],[System.String, System.Private.CoreLib, Version=7.0.0.0, Culture=neutral, PublicKeyToken=7cec85d7bea7798e]]'. 
2023-10-08 17:28:59.6707||INFO|Microsoft.AspNetCore.Mvc.Infrastructure.ControllerActionInvoker|Executed action Stock.Api.Controllers.AuthController.Login (Stock.Api) in 47.9ms 
2023-10-08 17:28:59.6707||INFO|Microsoft.AspNetCore.Routing.EndpointMiddleware|Executed endpoint 'Stock.Api.Controllers.AuthController.Login (Stock.Api)' 
2023-10-08 17:28:59.6707||INFO|Microsoft.AspNetCore.Hosting.Diagnostics|Request finished HTTP/1.1 POST https://localhost:7177/api/Auth/Login application/json;+charset=utf-8 34 - 200 - application/json;+charset=utf-8 58.2271ms 
2023-10-08 17:31:03.1215||INFO|Microsoft.AspNetCore.DataProtection.KeyManagement.XmlKeyManager|User profile is available. Using 'C:\Users\tugcedokgoz\AppData\Local\ASP.NET\DataProtection-Keys' as key repository and Windows DPAPI to encrypt keys at rest. 
2023-10-08 17:31:03.5752||INFO|Microsoft.Hosting.Lifetime|Now listening on: https://localhost:7177 
2023-10-08 17:31:03.5918||INFO|Microsoft.Hosting.Lifetime|Now listening on: http://localhost:5255 
2023-10-08 17:31:03.5918||INFO|Microsoft.Hosting.Lifetime|Application started. Press Ctrl+C to shut down. 
2023-10-08 17:31:03.5918||INFO|Microsoft.Hosting.Lifetime|Hosting environment: Development 
2023-10-08 17:31:03.5918||INFO|Microsoft.Hosting.Lifetime|Content root path: C:\Users\tugcedokgoz\OneDrive\Masaüstü\ahl\StockProject\StockProject\Stock\Stock.Api 
2023-10-08 17:31:10.7784||INFO|Microsoft.AspNetCore.Hosting.Diagnostics|Request starting HTTP/2 GET https://localhost:7177/swagger/index.html - - 
2023-10-08 17:31:11.9793||INFO|Microsoft.AspNetCore.Hosting.Diagnostics|Request finished HTTP/2 GET https://localhost:7177/swagger/index.html - - - 200 - text/html;charset=utf-8 1205.0510ms 
2023-10-08 17:31:13.2935||INFO|Microsoft.AspNetCore.Hosting.Diagnostics|Request starting HTTP/2 GET https://localhost:7177/_framework/aspnetcore-browser-refresh.js - - 
2023-10-08 17:31:13.3871||INFO|Microsoft.AspNetCore.Hosting.Diagnostics|Request starting HTTP/2 GET https://localhost:7177/_vs/browserLink - - 
2023-10-08 17:31:13.8220||INFO|Microsoft.AspNetCore.Hosting.Diagnostics|Request finished HTTP/2 GET https://localhost:7177/_framework/aspnetcore-browser-refresh.js - - - 200 12350 application/javascript;+charset=utf-8 528.4956ms 
2023-10-08 17:31:14.3140||INFO|Microsoft.AspNetCore.Hosting.Diagnostics|Request finished HTTP/2 GET https://localhost:7177/_vs/browserLink - - - 200 - text/javascript;+charset=UTF-8 926.7918ms 
2023-10-08 17:31:16.4324||INFO|Microsoft.AspNetCore.Hosting.Diagnostics|Request starting HTTP/2 GET https://localhost:7177/swagger/v1/swagger.json - - 
2023-10-08 17:31:17.2650||INFO|Microsoft.AspNetCore.Hosting.Diagnostics|Request finished HTTP/2 GET https://localhost:7177/swagger/v1/swagger.json - - - 200 - application/json;charset=utf-8 832.5897ms 
2023-10-08 17:32:05.6598||INFO|Microsoft.AspNetCore.DataProtection.KeyManagement.XmlKeyManager|User profile is available. Using 'C:\Users\tugcedokgoz\AppData\Local\ASP.NET\DataProtection-Keys' as key repository and Windows DPAPI to encrypt keys at rest. 
2023-10-08 17:32:06.1176||INFO|Microsoft.Hosting.Lifetime|Now listening on: https://localhost:7177 
2023-10-08 17:32:06.1176||INFO|Microsoft.Hosting.Lifetime|Now listening on: http://localhost:5255 
2023-10-08 17:32:06.1321||INFO|Microsoft.Hosting.Lifetime|Application started. Press Ctrl+C to shut down. 
2023-10-08 17:32:06.1321||INFO|Microsoft.Hosting.Lifetime|Hosting environment: Development 
2023-10-08 17:32:06.1523||INFO|Microsoft.Hosting.Lifetime|Content root path: C:\Users\tugcedokgoz\OneDrive\Masaüstü\ahl\StockProject\StockProject\Stock\Stock.Api 
2023-10-08 17:32:12.7481||INFO|Microsoft.AspNetCore.Hosting.Diagnostics|Request starting HTTP/2 GET https://localhost:7177/swagger/index.html - - 
2023-10-08 17:32:13.9856||INFO|Microsoft.AspNetCore.Hosting.Diagnostics|Request finished HTTP/2 GET https://localhost:7177/swagger/index.html - - - 200 - text/html;charset=utf-8 1242.1939ms 
2023-10-08 17:32:14.0281||INFO|Microsoft.AspNetCore.Hosting.Diagnostics|Request starting HTTP/2 GET https://localhost:7177/_framework/aspnetcore-browser-refresh.js - - 
2023-10-08 17:32:14.0635||INFO|Microsoft.AspNetCore.Hosting.Diagnostics|Request finished HTTP/2 GET https://localhost:7177/_framework/aspnetcore-browser-refresh.js - - - 200 12350 application/javascript;+charset=utf-8 35.3673ms 
2023-10-08 17:32:14.6561||INFO|Microsoft.AspNetCore.Hosting.Diagnostics|Request starting HTTP/2 GET https://localhost:7177/_vs/browserLink - - 
2023-10-08 17:32:14.8532||INFO|Microsoft.AspNetCore.Hosting.Diagnostics|Request finished HTTP/2 GET https://localhost:7177/_vs/browserLink - - - 200 - text/javascript;+charset=UTF-8 196.9950ms 
2023-10-08 17:32:15.4725||INFO|Microsoft.AspNetCore.Hosting.Diagnostics|Request starting HTTP/2 GET https://localhost:7177/swagger/v1/swagger.json - - 
2023-10-08 17:32:16.3657||INFO|Microsoft.AspNetCore.Hosting.Diagnostics|Request finished HTTP/2 GET https://localhost:7177/swagger/v1/swagger.json - - - 200 - application/json;charset=utf-8 893.1175ms 
2023-10-08 17:32:59.1182||INFO|Microsoft.AspNetCore.Hosting.Diagnostics|Request starting HTTP/2 POST https://localhost:7177/api/Auth/Login application/json 54 
2023-10-08 17:32:59.1311||INFO|Microsoft.AspNetCore.Routing.EndpointMiddleware|Executing endpoint 'Stock.Api.Controllers.AuthController.Login (Stock.Api)' 
2023-10-08 17:32:59.1550||INFO|Microsoft.AspNetCore.Mvc.Infrastructure.ControllerActionInvoker|Route matched with {action = "Login", controller = "Auth"}. Executing controller action with signature System.Object Login(System.Object) on controller Stock.Api.Controllers.AuthController (Stock.Api). 
2023-10-08 17:33:00.2331||WARN|Microsoft.EntityFrameworkCore.Model.Validation|No store type was specified for the decimal property 'Price' on entity type 'Bid'. This will cause values to be silently truncated if they do not fit in the default precision and scale. Explicitly specify the SQL server column type that can accommodate all the values in 'OnModelCreating' using 'HasColumnType', specify precision and scale using 'HasPrecision', or configure a value converter using 'HasConversion'. 
2023-10-08 17:33:00.2331||WARN|Microsoft.EntityFrameworkCore.Model.Validation|No store type was specified for the decimal property 'Price' on entity type 'Bill'. This will cause values to be silently truncated if they do not fit in the default precision and scale. Explicitly specify the SQL server column type that can accommodate all the values in 'OnModelCreating' using 'HasColumnType', specify precision and scale using 'HasPrecision', or configure a value converter using 'HasConversion'. 
2023-10-08 17:33:00.2393||WARN|Microsoft.EntityFrameworkCore.Model.Validation|No store type was specified for the decimal property 'Price' on entity type 'Product'. This will cause values to be silently truncated if they do not fit in the default precision and scale. Explicitly specify the SQL server column type that can accommodate all the values in 'OnModelCreating' using 'HasColumnType', specify precision and scale using 'HasPrecision', or configure a value converter using 'HasConversion'. 
2023-10-08 17:33:01.5282||INFO|Microsoft.EntityFrameworkCore.Database.Command|Executed DbCommand (67ms) [Parameters=[@__userEmail_0='?' (Size = 4000), @__password_1='?' (Size = 4000)], CommandType='Text', CommandTimeout='30']
SELECT TOP(2) [t].[Id], [t].[CompanyDepartmentId], [t].[Password], [t].[RoleId], [t].[SuperiorId], [t].[UserEmail], [t].[UserFullName]
FROM [tblUser] AS [t]
WHERE [t].[UserEmail] = @__userEmail_0 AND [t].[Password] = @__password_1 
2023-10-08 17:33:01.5912||INFO|Microsoft.EntityFrameworkCore.Database.Command|Executed DbCommand (11ms) [Parameters=[@__item_RoleId_0='?' (DbType = Int32)], CommandType='Text', CommandTimeout='30']
SELECT TOP(2) [t].[Id], [t].[RoleName]
FROM [tblRole] AS [t]
WHERE [t].[Id] = @__item_RoleId_0 
2023-10-08 17:33:01.6668||INFO|Microsoft.AspNetCore.Mvc.Infrastructure.ObjectResultExecutor|Executing ObjectResult, writing value of type '<>f__AnonymousType0`3[[System.Boolean, System.Private.CoreLib, Version=7.0.0.0, Culture=neutral, PublicKeyToken=7cec85d7bea7798e],[System.String, System.Private.CoreLib, Version=7.0.0.0, Culture=neutral, PublicKeyToken=7cec85d7bea7798e],[System.String, System.Private.CoreLib, Version=7.0.0.0, Culture=neutral, PublicKeyToken=7cec85d7bea7798e]]'. 
2023-10-08 17:33:01.6845||INFO|Microsoft.AspNetCore.Mvc.Infrastructure.ControllerActionInvoker|Executed action Stock.Api.Controllers.AuthController.Login (Stock.Api) in 2523.5777ms 
2023-10-08 17:33:01.6845||INFO|Microsoft.AspNetCore.Routing.EndpointMiddleware|Executed endpoint 'Stock.Api.Controllers.AuthController.Login (Stock.Api)' 
2023-10-08 17:33:01.6998||INFO|Microsoft.AspNetCore.Hosting.Diagnostics|Request finished HTTP/2 POST https://localhost:7177/api/Auth/Login application/json 54 - 200 - application/json;+charset=utf-8 2583.6195ms 
2023-10-08 17:33:40.7313||INFO|Microsoft.AspNetCore.Hosting.Diagnostics|Request starting HTTP/1.1 POST https://localhost:7177/api/Auth/Login application/json;+charset=utf-8 34 
2023-10-08 17:33:40.7404||INFO|Microsoft.AspNetCore.Routing.EndpointMiddleware|Executing endpoint 'Stock.Api.Controllers.AuthController.Login (Stock.Api)' 
2023-10-08 17:33:40.7404||INFO|Microsoft.AspNetCore.Mvc.Infrastructure.ControllerActionInvoker|Route matched with {action = "Login", controller = "Auth"}. Executing controller action with signature System.Object Login(System.Object) on controller Stock.Api.Controllers.AuthController (Stock.Api). 
2023-10-08 17:33:40.7872||INFO|Microsoft.EntityFrameworkCore.Database.Command|Executed DbCommand (5ms) [Parameters=[], CommandType='Text', CommandTimeout='30']
SELECT TOP(2) [t].[Id], [t].[CompanyDepartmentId], [t].[Password], [t].[RoleId], [t].[SuperiorId], [t].[UserEmail], [t].[UserFullName]
FROM [tblUser] AS [t]
WHERE 0 = 1 
2023-10-08 17:33:40.7872||INFO|Microsoft.AspNetCore.Mvc.Infrastructure.ObjectResultExecutor|Executing ObjectResult, writing value of type '<>f__AnonymousType1`2[[System.Boolean, System.Private.CoreLib, Version=7.0.0.0, Culture=neutral, PublicKeyToken=7cec85d7bea7798e],[System.String, System.Private.CoreLib, Version=7.0.0.0, Culture=neutral, PublicKeyToken=7cec85d7bea7798e]]'. 
2023-10-08 17:33:40.7872||INFO|Microsoft.AspNetCore.Mvc.Infrastructure.ControllerActionInvoker|Executed action Stock.Api.Controllers.AuthController.Login (Stock.Api) in 50.6229ms 
2023-10-08 17:33:40.7872||INFO|Microsoft.AspNetCore.Routing.EndpointMiddleware|Executed endpoint 'Stock.Api.Controllers.AuthController.Login (Stock.Api)' 
2023-10-08 17:33:40.7872||INFO|Microsoft.AspNetCore.Hosting.Diagnostics|Request finished HTTP/1.1 POST https://localhost:7177/api/Auth/Login application/json;+charset=utf-8 34 - 200 - application/json;+charset=utf-8 65.4773ms 
2023-10-08 17:38:22.2254||INFO|Microsoft.AspNetCore.Hosting.Diagnostics|Request starting HTTP/1.1 POST https://localhost:7177/api/Auth/Login application/json;+charset=utf-8 51 
2023-10-08 17:38:22.2254||INFO|Microsoft.AspNetCore.Routing.EndpointMiddleware|Executing endpoint 'Stock.Api.Controllers.AuthController.Login (Stock.Api)' 
2023-10-08 17:38:22.2254||INFO|Microsoft.AspNetCore.Mvc.Infrastructure.ControllerActionInvoker|Route matched with {action = "Login", controller = "Auth"}. Executing controller action with signature System.Object Login(System.Object) on controller Stock.Api.Controllers.AuthController (Stock.Api). 
2023-10-08 17:38:22.3417||INFO|Microsoft.EntityFrameworkCore.Database.Command|Executed DbCommand (10ms) [Parameters=[@__userEmail_0='?' (Size = 4000), @__password_1='?' (Size = 4000)], CommandType='Text', CommandTimeout='30']
SELECT TOP(2) [t].[Id], [t].[CompanyDepartmentId], [t].[Password], [t].[RoleId], [t].[SuperiorId], [t].[UserEmail], [t].[UserFullName]
FROM [tblUser] AS [t]
WHERE [t].[UserEmail] = @__userEmail_0 AND [t].[Password] = @__password_1 
2023-10-08 17:38:22.3827||INFO|Microsoft.EntityFrameworkCore.Database.Command|Executed DbCommand (37ms) [Parameters=[@__item_RoleId_0='?' (DbType = Int32)], CommandType='Text', CommandTimeout='30']
SELECT TOP(2) [t].[Id], [t].[RoleName]
FROM [tblRole] AS [t]
WHERE [t].[Id] = @__item_RoleId_0 
2023-10-08 17:38:22.3827||INFO|Microsoft.AspNetCore.Mvc.Infrastructure.ObjectResultExecutor|Executing ObjectResult, writing value of type '<>f__AnonymousType0`3[[System.Boolean, System.Private.CoreLib, Version=7.0.0.0, Culture=neutral, PublicKeyToken=7cec85d7bea7798e],[System.String, System.Private.CoreLib, Version=7.0.0.0, Culture=neutral, PublicKeyToken=7cec85d7bea7798e],[System.String, System.Private.CoreLib, Version=7.0.0.0, Culture=neutral, PublicKeyToken=7cec85d7bea7798e]]'. 
2023-10-08 17:38:22.3827||INFO|Microsoft.AspNetCore.Mvc.Infrastructure.ControllerActionInvoker|Executed action Stock.Api.Controllers.AuthController.Login (Stock.Api) in 157.9486ms 
2023-10-08 17:38:22.3827||INFO|Microsoft.AspNetCore.Routing.EndpointMiddleware|Executed endpoint 'Stock.Api.Controllers.AuthController.Login (Stock.Api)' 
2023-10-08 17:38:22.3827||INFO|Microsoft.AspNetCore.Hosting.Diagnostics|Request finished HTTP/1.1 POST https://localhost:7177/api/Auth/Login application/json;+charset=utf-8 51 - 200 - application/json;+charset=utf-8 163.9374ms 
